# JRE version: Java(TM) SE Runtime Environment 18.9 (11.0.12+8) (build 11.0.12+8-LTS-237)
# Java VM: Java HotSpot(TM) 64-Bit Server VM 18.9 (11.0.12+8-LTS-237, mixed mode, tiered, compressed oops, g1 gc, windows-amd64)
Heap:
 garbage-first heap   total 310272K, used 17228K [0x0000000705000000, 0x0000000800000000)
  region size 1024K, 11 young (11264K), 11 survivors (11264K)
 Metaspace       used 40028K, capacity 41225K, committed 41472K, reserved 1085440K
  class space    used 4838K, capacity 5325K, committed 5376K, reserved 1048576K
GC Heap History (9 events):
Event: 0.480 GC heap before
{Heap before GC invocations=0 (full 0):
 garbage-first heap   total 258048K, used 24576K [0x0000000705000000, 0x0000000800000000)
  region size 1024K, 24 young (24576K), 0 survivors (0K)
 Metaspace       used 10925K, capacity 11092K, committed 11392K, reserved 1058816K
  class space    used 1038K, capacity 1099K, committed 1152K, reserved 1048576K
}
Event: 0.483 GC heap after
{Heap after GC invocations=1 (full 0):
 garbage-first heap   total 258048K, used 6773K [0x0000000705000000, 0x0000000800000000)
  region size 1024K, 3 young (3072K), 3 survivors (3072K)
 Metaspace       used 10925K, capacity 11092K, committed 11392K, reserved 1058816K
  class space    used 1038K, capacity 1099K, committed 1152K, reserved 1048576K
}
Event: 1.191 GC heap before
{Heap before GC invocations=1 (full 0):
 garbage-first heap   total 258048K, used 99957K [0x0000000705000000, 0x0000000800000000)
  region size 1024K, 96 young (98304K), 3 survivors (3072K)
 Metaspace       used 20631K, capacity 21151K, committed 21248K, reserved 1069056K
  class space    used 2307K, capacity 2507K, committed 2560K, reserved 1048576K
}
Event: 1.196 GC heap after
{Heap after GC invocations=2 (full 0):
 garbage-first heap   total 258048K, used 9479K [0x0000000705000000, 0x0000000800000000)
  region size 1024K, 6 young (6144K), 6 survivors (6144K)
 Metaspace       used 20631K, capacity 21151K, committed 21248K, reserved 1069056K
  class space    used 2307K, capacity 2507K, committed 2560K, reserved 1048576K
}
Event: 1.546 GC heap before
{Heap before GC invocations=3 (full 0):
 garbage-first heap   total 258048K, used 104711K [0x0000000705000000, 0x0000000800000000)
  region size 1024K, 100 young (102400K), 6 survivors (6144K)
 Metaspace       used 28220K, capacity 28889K, committed 29184K, reserved 1075200K
  class space    used 3282K, capacity 3532K, committed 3584K, reserved 1048576K
}
Event: 1.552 GC heap after
{Heap after GC invocations=4 (full 0):
 garbage-first heap   total 258048K, used 11725K [0x0000000705000000, 0x0000000800000000)
  region size 1024K, 8 young (8192K), 8 survivors (8192K)
 Metaspace       used 28220K, capacity 28889K, committed 29184K, reserved 1075200K
  class space    used 3282K, capacity 3532K, committed 3584K, reserved 1048576K
}
Event: 2.275 GC heap before
{Heap before GC invocations=4 (full 0):
 garbage-first heap   total 258048K, used 88525K [0x0000000705000000, 0x0000000800000000)
  region size 1024K, 85 young (87040K), 8 survivors (8192K)
 Metaspace       used 34815K, capacity 35718K, committed 35840K, reserved 1081344K
  class space    used 4147K, capacity 4492K, committed 4608K, reserved 1048576K
}
Event: 2.282 GC heap after
{Heap after GC invocations=5 (full 0):
 garbage-first heap   total 258048K, used 14262K [0x0000000705000000, 0x0000000800000000)
  region size 1024K, 11 young (11264K), 11 survivors (11264K)
 Metaspace       used 34815K, capacity 35718K, committed 35840K, reserved 1081344K
  class space    used 4147K, capacity 4492K, committed 4608K, reserved 1048576K
}
Event: 3.000 GC heap before
{Heap before GC invocations=6 (full 0):
 garbage-first heap   total 258048K, used 137142K [0x0000000705000000, 0x0000000800000000)
  region size 1024K, 132 young (135168K), 11 survivors (11264K)
 Metaspace       used 40028K, capacity 41225K, committed 41472K, reserved 1085440K
  class space    used 4838K, capacity 5325K, committed 5376K, reserved 1048576K
}

