# JRE version: Java(TM) SE Runtime Environment 18.9 (11.0.12+8) (build 11.0.12+8-LTS-237)
# Java VM: Java HotSpot(TM) 64-Bit Server VM 18.9 (11.0.12+8-LTS-237, mixed mode, tiered, compressed oops, g1 gc, windows-amd64)
Heap:
 garbage-first heap   total 262144K, used 64196K [0x00000000e0000000, 0x0000000100000000)
  region size 1024K, 48 young (49152K), 14 survivors (14336K)
 Metaspace       used 48322K, capacity 49608K, committed 49740K, reserved 296960K
  class space    used 6255K, capacity 6729K, committed 6784K, reserved 253952K
GC Heap History (10 events):
Event: 0.417 GC heap before
{Heap before GC invocations=0 (full 0):
 garbage-first heap   total 262144K, used 29696K [0x00000000e0000000, 0x0000000100000000)
  region size 1024K, 24 young (24576K), 0 survivors (0K)
 Metaspace       used 10072K, capacity 10336K, committed 10624K, reserved 264192K
  class space    used 1044K, capacity 1105K, committed 1152K, reserved 253952K
}
Event: 0.419 GC heap after
{Heap after GC invocations=1 (full 0):
 garbage-first heap   total 262144K, used 9252K [0x00000000e0000000, 0x0000000100000000)
  region size 1024K, 3 young (3072K), 3 survivors (3072K)
 Metaspace       used 10072K, capacity 10336K, committed 10624K, reserved 264192K
  class space    used 1044K, capacity 1105K, committed 1152K, reserved 253952K
}
Event: 1.450 GC heap before
{Heap before GC invocations=1 (full 0):
 garbage-first heap   total 262144K, used 114724K [0x00000000e0000000, 0x0000000100000000)
  region size 1024K, 107 young (109568K), 3 survivors (3072K)
 Metaspace       used 20664K, capacity 21082K, committed 21248K, reserved 272384K
  class space    used 2542K, capacity 2711K, committed 2816K, reserved 253952K
}
Event: 1.457 GC heap after
{Heap after GC invocations=2 (full 0):
 garbage-first heap   total 262144K, used 16950K [0x00000000e0000000, 0x0000000100000000)
  region size 1024K, 11 young (11264K), 11 survivors (11264K)
 Metaspace       used 20664K, capacity 21082K, committed 21248K, reserved 272384K
  class space    used 2542K, capacity 2711K, committed 2816K, reserved 253952K
}
Event: 1.722 GC heap before
{Heap before GC invocations=3 (full 0):
 garbage-first heap   total 262144K, used 58934K [0x00000000e0000000, 0x0000000100000000)
  region size 1024K, 53 young (54272K), 11 survivors (11264K)
 Metaspace       used 24925K, capacity 25481K, committed 25728K, reserved 276480K
  class space    used 3224K, capacity 3416K, committed 3456K, reserved 253952K
}
Event: 1.727 GC heap after
{Heap after GC invocations=4 (full 0):
 garbage-first heap   total 262144K, used 18708K [0x00000000e0000000, 0x0000000100000000)
  region size 1024K, 3 young (3072K), 3 survivors (3072K)
 Metaspace       used 24925K, capacity 25481K, committed 25728K, reserved 276480K
  class space    used 3224K, capacity 3416K, committed 3456K, reserved 253952K
}
Event: 2.307 GC heap before
{Heap before GC invocations=4 (full 0):
 garbage-first heap   total 262144K, used 94484K [0x00000000e0000000, 0x0000000100000000)
  region size 1024K, 78 young (79872K), 3 survivors (3072K)
 Metaspace       used 34725K, capacity 35590K, committed 35840K, reserved 286720K
  class space    used 4523K, capacity 4836K, committed 4864K, reserved 253952K
}
Event: 2.311 GC heap after
{Heap after GC invocations=5 (full 0):
 garbage-first heap   total 262144K, used 22036K [0x00000000e0000000, 0x0000000100000000)
  region size 1024K, 6 young (6144K), 6 survivors (6144K)
 Metaspace       used 34725K, capacity 35590K, committed 35840K, reserved 286720K
  class space    used 4523K, capacity 4836K, committed 4864K, reserved 253952K
}
Event: 3.195 GC heap before
{Heap before GC invocations=6 (full 0):
 garbage-first heap   total 262144K, used 150036K [0x00000000e0000000, 0x0000000100000000)
  region size 1024K, 128 young (131072K), 6 survivors (6144K)
 Metaspace       used 46220K, capacity 47320K, committed 47564K, reserved 296960K
  class space    used 5934K, capacity 6349K, committed 6400K, reserved 253952K
}
Event: 3.203 GC heap after
{Heap after GC invocations=7 (full 0):
 garbage-first heap   total 262144K, used 30404K [0x00000000e0000000, 0x0000000100000000)
  region size 1024K, 14 young (14336K), 14 survivors (14336K)
 Metaspace       used 46220K, capacity 47320K, committed 47564K, reserved 296960K
  class space    used 5934K, capacity 6349K, committed 6400K, reserved 253952K
}

