# JRE version: Java(TM) SE Runtime Environment 18.9 (11.0.12+8) (build 11.0.12+8-LTS-237)
# Java VM: Java HotSpot(TM) 64-Bit Server VM 18.9 (11.0.12+8-LTS-237, mixed mode, tiered, compressed oops, g1 gc, windows-amd64)
Heap:
 garbage-first heap   total 310272K, used 18224K [0x0000000705000000, 0x0000000800000000)
  region size 1024K, 11 young (11264K), 11 survivors (11264K)
 Metaspace       used 40013K, capacity 41225K, committed 41472K, reserved 1085440K
  class space    used 4836K, capacity 5325K, committed 5376K, reserved 1048576K
GC Heap History (9 events):
Event: 0.470 GC heap before
{Heap before GC invocations=0 (full 0):
 garbage-first heap   total 258048K, used 24576K [0x0000000705000000, 0x0000000800000000)
  region size 1024K, 24 young (24576K), 0 survivors (0K)
 Metaspace       used 10913K, capacity 11092K, committed 11392K, reserved 1058816K
  class space    used 1036K, capacity 1099K, committed 1152K, reserved 1048576K
}
Event: 0.473 GC heap after
{Heap after GC invocations=1 (full 0):
 garbage-first heap   total 258048K, used 7110K [0x0000000705000000, 0x0000000800000000)
  region size 1024K, 3 young (3072K), 3 survivors (3072K)
 Metaspace       used 10913K, capacity 11092K, committed 11392K, reserved 1058816K
  class space    used 1036K, capacity 1099K, committed 1152K, reserved 1048576K
}
Event: 1.226 GC heap before
{Heap before GC invocations=1 (full 0):
 garbage-first heap   total 258048K, used 102342K [0x0000000705000000, 0x0000000800000000)
  region size 1024K, 98 young (100352K), 3 survivors (3072K)
 Metaspace       used 20657K, capacity 21166K, committed 21248K, reserved 1069056K
  class space    used 2319K, capacity 2512K, committed 2560K, reserved 1048576K
}
Event: 1.231 GC heap after
{Heap after GC invocations=2 (full 0):
 garbage-first heap   total 258048K, used 9751K [0x0000000705000000, 0x0000000800000000)
  region size 1024K, 6 young (6144K), 6 survivors (6144K)
 Metaspace       used 20657K, capacity 21166K, committed 21248K, reserved 1069056K
  class space    used 2319K, capacity 2512K, committed 2560K, reserved 1048576K
}
Event: 1.555 GC heap before
{Heap before GC invocations=3 (full 0):
 garbage-first heap   total 258048K, used 106007K [0x0000000705000000, 0x0000000800000000)
  region size 1024K, 101 young (103424K), 6 survivors (6144K)
 Metaspace       used 28239K, capacity 28889K, committed 29184K, reserved 1075200K
  class space    used 3283K, capacity 3532K, committed 3584K, reserved 1048576K
}
Event: 1.560 GC heap after
{Heap after GC invocations=4 (full 0):
 garbage-first heap   total 258048K, used 12060K [0x0000000705000000, 0x0000000800000000)
  region size 1024K, 8 young (8192K), 8 survivors (8192K)
 Metaspace       used 28239K, capacity 28889K, committed 29184K, reserved 1075200K
  class space    used 3283K, capacity 3532K, committed 3584K, reserved 1048576K
}
Event: 2.302 GC heap before
{Heap before GC invocations=4 (full 0):
 garbage-first heap   total 258048K, used 90908K [0x0000000705000000, 0x0000000800000000)
  region size 1024K, 86 young (88064K), 8 survivors (8192K)
 Metaspace       used 34806K, capacity 35717K, committed 35840K, reserved 1081344K
  class space    used 4146K, capacity 4492K, committed 4608K, reserved 1048576K
}
Event: 2.310 GC heap after
{Heap after GC invocations=5 (full 0):
 garbage-first heap   total 258048K, used 14763K [0x0000000705000000, 0x0000000800000000)
  region size 1024K, 11 young (11264K), 11 survivors (11264K)
 Metaspace       used 34806K, capacity 35717K, committed 35840K, reserved 1081344K
  class space    used 4146K, capacity 4492K, committed 4608K, reserved 1048576K
}
Event: 2.930 GC heap before
{Heap before GC invocations=6 (full 0):
 garbage-first heap   total 258048K, used 133547K [0x0000000705000000, 0x0000000800000000)
  region size 1024K, 128 young (131072K), 11 survivors (11264K)
 Metaspace       used 40013K, capacity 41225K, committed 41472K, reserved 1085440K
  class space    used 4836K, capacity 5325K, committed 5376K, reserved 1048576K
}

