# JRE version: Java(TM) SE Runtime Environment 18.9 (11.0.12+8) (build 11.0.12+8-LTS-237)
# Java VM: Java HotSpot(TM) 64-Bit Server VM 18.9 (11.0.12+8-LTS-237, mixed mode, tiered, compressed oops, g1 gc, windows-amd64)
Heap:
 garbage-first heap   total 262144K, used 98703K [0x00000000e0000000, 0x0000000100000000)
  region size 1024K, 69 young (70656K), 17 survivors (17408K)
 Metaspace       used 60225K, capacity 62299K, committed 62412K, reserved 309248K
  class space    used 7847K, capacity 8615K, committed 8704K, reserved 253952K
GC Heap History (10 events):
Event: 2.011 GC heap before
{Heap before GC invocations=3 (full 0):
 garbage-first heap   total 262144K, used 86457K [0x00000000e0000000, 0x0000000100000000)
  region size 1024K, 80 young (81920K), 11 survivors (11264K)
 Metaspace       used 27538K, capacity 28210K, committed 28544K, reserved 278528K
  class space    used 3627K, capacity 3843K, committed 3968K, reserved 253952K
}
Event: 2.016 GC heap after
{Heap after GC invocations=4 (full 0):
 garbage-first heap   total 262144K, used 20006K [0x00000000e0000000, 0x0000000100000000)
  region size 1024K, 3 young (3072K), 3 survivors (3072K)
 Metaspace       used 27538K, capacity 28210K, committed 28544K, reserved 278528K
  class space    used 3627K, capacity 3843K, committed 3968K, reserved 253952K
}
Event: 2.457 GC heap before
{Heap before GC invocations=4 (full 0):
 garbage-first heap   total 262144K, used 68134K [0x00000000e0000000, 0x0000000100000000)
  region size 1024K, 51 young (52224K), 3 survivors (3072K)
 Metaspace       used 34720K, capacity 35590K, committed 35840K, reserved 286720K
  class space    used 4524K, capacity 4836K, committed 4864K, reserved 253952K
}
Event: 2.461 GC heap after
{Heap after GC invocations=5 (full 0):
 garbage-first heap   total 262144K, used 22659K [0x00000000e0000000, 0x0000000100000000)
  region size 1024K, 6 young (6144K), 6 survivors (6144K)
 Metaspace       used 34720K, capacity 35590K, committed 35840K, reserved 286720K
  class space    used 4524K, capacity 4836K, committed 4864K, reserved 253952K
}
Event: 3.487 GC heap before
{Heap before GC invocations=6 (full 0):
 garbage-first heap   total 262144K, used 142467K [0x00000000e0000000, 0x0000000100000000)
  region size 1024K, 120 young (122880K), 6 survivors (6144K)
 Metaspace       used 45473K, capacity 46574K, committed 46668K, reserved 294912K
  class space    used 5838K, capacity 6228K, committed 6272K, reserved 253952K
}
Event: 3.497 GC heap after
{Heap after GC invocations=7 (full 0):
 garbage-first heap   total 262144K, used 30844K [0x00000000e0000000, 0x0000000100000000)
  region size 1024K, 14 young (14336K), 14 survivors (14336K)
 Metaspace       used 45473K, capacity 46574K, committed 46668K, reserved 294912K
  class space    used 5838K, capacity 6228K, committed 6272K, reserved 253952K
}
Event: 4.619 GC heap before
{Heap before GC invocations=8 (full 0):
 garbage-first heap   total 262144K, used 167036K [0x00000000e0000000, 0x0000000100000000)
  region size 1024K, 147 young (150528K), 14 survivors (14336K)
 Metaspace       used 54405K, capacity 56148K, committed 56268K, reserved 303104K
  class space    used 7207K, capacity 7856K, committed 7936K, reserved 253952K
}
Event: 4.633 GC heap after
{Heap after GC invocations=9 (full 0):
 garbage-first heap   total 262144K, used 38684K [0x00000000e0000000, 0x0000000100000000)
  region size 1024K, 17 young (17408K), 17 survivors (17408K)
 Metaspace       used 54405K, capacity 56148K, committed 56268K, reserved 303104K
  class space    used 7207K, capacity 7856K, committed 7936K, reserved 253952K
}
Event: 5.933 GC heap before
{Heap before GC invocations=9 (full 0):
 garbage-first heap   total 262144K, used 176924K [0x00000000e0000000, 0x0000000100000000)
  region size 1024K, 153 young (156672K), 17 survivors (17408K)
 Metaspace       used 58815K, capacity 60659K, committed 60876K, reserved 307200K
  class space    used 7671K, capacity 8377K, committed 8448K, reserved 253952K
}
Event: 5.947 GC heap after
{Heap after GC invocations=10 (full 0):
 garbage-first heap   total 262144K, used 46479K [0x00000000e0000000, 0x0000000100000000)
  region size 1024K, 17 young (17408K), 17 survivors (17408K)
 Metaspace       used 58815K, capacity 60659K, committed 60876K, reserved 307200K
  class space    used 7671K, capacity 8377K, committed 8448K, reserved 253952K
}

